0 info it worked if it ends with ok
1 verbose cli [ 'C:\\Program Files\\nodejs\\node.exe',
1 verbose cli   'C:\\Program Files\\nodejs\\node_modules\\npm\\bin\\npm-cli.js',
1 verbose cli   'run',
1 verbose cli   'check-credentials' ]
2 info using npm@3.3.12
3 info using node@v5.2.0
4 verbose run-script [ 'precheck-credentials',
4 verbose run-script   'check-credentials',
4 verbose run-script   'postcheck-credentials' ]
5 info lifecycle @~precheck-credentials: @
6 silly lifecycle @~precheck-credentials: no script for precheck-credentials, continuing
7 info lifecycle @~check-credentials: @
8 verbose lifecycle @~check-credentials: unsafe-perm in lifecycle true
9 verbose lifecycle @~check-credentials: PATH: C:\Program Files\nodejs\node_modules\npm\bin\node-gyp-bin;g:\Projects\MeanStackAppTest\node_modules\.bin;C:\ProgramData\Oracle\Java\javapath;G:\app\NicolasR\product\11.2.0\client_4;G:\app\NicolasR\product\11.2.0\client_4\bin;G:\app\NicolasR\product\11.1.0\client_2;G:\app\NicolasR\product\11.1.0\client_2\bin;G:\app\NicolasR\product\11.2.0\client_3;G:\app\NicolasR\product\11.2.0\client_3\bin;G:\app\NicolasR\product\11.2.0\client_2;G:\app\NicolasR\product\11.2.0\client_2\bin;G:\app\NicolasR\product\11.2.0\client_1;G:\app\NicolasR\product\11.2.0\client_1\bin;D:\app\NicolasR\product\11.1.0\client_1;D:\app\NicolasR\product\11.1.0\client_1\bin;C:\Windows\system32;C:\Windows;C:\Windows\System32\Wbem;C:\Windows\System32\WindowsPowerShell\v1.0\;C:\Program Files (x86)\Microsoft SQL Server\110\Tools\Binn\;C:\Program Files\Microsoft SQL Server\110\Tools\Binn\;C:\Program Files\Microsoft SQL Server\110\DTS\Binn\;C:\Program Files (x86)\Microsoft SQL Server\110\Tools\Binn\ManagementStudio\;C:\Program Files (x86)\Microsoft SQL Server\110\DTS\Binn\;%TFSPowerToolDir%;%BPADir%;C:\Program Files (x86)\Microsoft ASP.NET\ASP.NET Web Pages\v1.0\;C:\Users\NicolasR\AppData\Roaming\npm;C:\Program Files (x86)\Windows Kits\8.1\Windows Performance Toolkit\;C:\Program Files\Microsoft SQL Server\120\Tools\Binn\;C:\Program Files (x86)\ATI Technologies\ATI.ACE\Core-Static;C:\Program Files (x86)\AMD\ATI.ACE\Core-Static;C:\Program Files (x86)\Microsoft SDKs\TypeScript\1.0\;C:\Program Files (x86)\Microsoft SDKs\TypeScript\1.4\;C:\Program Files\Microsoft\Web Platform Installer\;C:\Program Files (x86)\Skype\Phone\;C:\Program Files (x86)\GitExtensions\;C:\Program Files\nodejs\;C:\Program Files (x86)\QuickTime\QTSystem\;C:\Program Files\Microsoft SQL Server\Client SDK\ODBC\110\Tools\Binn\;C:\Program Files (x86)\Microsoft SQL Server\120\Tools\Binn\;C:\Program Files\Microsoft SQL Server\120\DTS\Binn\;C:\Program Files (x86)\Microsoft SQL Server\120\Tools\Binn\ManagementStudio\;C:\Program Files (x86)\Microsoft SQL Server\120\DTS\Binn\;C:\Program Files\Microsoft SQL Server\130\Tools\Binn\;C:\Program Files\Git\cmd;C:\Program Files\dotnet\;C:\Users\NicolasR\.dnx\runtimes\dnx-clr-win-x86.1.0.0-rc1-update1\bin;C:\Users\NicolasR\.dnx\bin;C:\Users\NicolasR\AppData\Roaming\Dashlane\3.2.6.89007\bin\Firefox_Extension\{442718d9-475e-452a-b3e1-fb1ee16b8e9f}\components;C:\Program Files (x86)\Microsoft VS Code\bin;C:\Program Files\Git\bin;C:\Users\NicolasR\AppData\Roaming\npm;C:\Python27
10 verbose lifecycle @~check-credentials: CWD: g:\Projects\MeanStackAppTest
11 silly lifecycle @~check-credentials: Args: [ '/d /s /c', 'mocha part1.js' ]
12 silly lifecycle @~check-credentials: Returned: code: 1  signal: null
13 info lifecycle @~check-credentials: Failed to exec check-credentials script
14 verbose stack Error: @ check-credentials: `mocha part1.js`
14 verbose stack Exit status 1
14 verbose stack     at EventEmitter.<anonymous> (C:\Program Files\nodejs\node_modules\npm\lib\utils\lifecycle.js:232:16)
14 verbose stack     at emitTwo (events.js:88:13)
14 verbose stack     at EventEmitter.emit (events.js:173:7)
14 verbose stack     at ChildProcess.<anonymous> (C:\Program Files\nodejs\node_modules\npm\lib\utils\spawn.js:24:14)
14 verbose stack     at emitTwo (events.js:88:13)
14 verbose stack     at ChildProcess.emit (events.js:173:7)
14 verbose stack     at maybeClose (internal/child_process.js:819:16)
14 verbose stack     at Process.ChildProcess._handle.onexit (internal/child_process.js:212:5)
15 verbose pkgid @
16 verbose cwd g:\Projects\MeanStackAppTest
17 error Windows_NT 6.3.9600
18 error argv "C:\\Program Files\\nodejs\\node.exe" "C:\\Program Files\\nodejs\\node_modules\\npm\\bin\\npm-cli.js" "run" "check-credentials"
19 error node v5.2.0
20 error npm  v3.3.12
21 error code ELIFECYCLE
22 error @ check-credentials: `mocha part1.js`
22 error Exit status 1
23 error Failed at the @ check-credentials script 'mocha part1.js'.
23 error Make sure you have the latest version of node.js and npm installed.
23 error If you do, this is most likely a problem with the  package,
23 error not with npm itself.
23 error Tell the author that this fails on your system:
23 error     mocha part1.js
23 error You can get their info via:
23 error     npm owner ls
23 error There is likely additional logging output above.
24 verbose exit [ 1, true ]
